*** Life<Cell> 4x4 ***

Generation = 0, Population = 4.
----
-00-
-00-
----

Generation = 1, Population = 8.
-00-
0--0
0--0
-00-

*** Life<Cell> 5x5 ***

Generation = 0, Population = 3.
-----
-----
-000-
-----
-----

Generation = 1, Population = 10.
-----
-000-
01-10
-000-
-----

Generation = 2, Population = 10.
-000-
-----
1*-*1
-----
-000-

*** Life<Cell> 5x5 ***

Generation = 0, Population = 4.
-----
--0--
-0-0-
--0--
-----

Generation = 1, Population = 4.
--0--
-----
0---0
-----
--0--

*** Life<Cell> 5x6 ***

Generation = 0, Population = 6.
------
--00--
-0--0-
--00--
------

Generation = 1, Population = 12.
--00--
--11--
0-00-0
--11--
--00--

*** Life<Cell> 6x6 ***

Generation = 0, Population = 5.
------
--0---
---0--
-000--
------
------

Generation = 1, Population = 12.
--0---
-0----
-0010-
01--0-
-000--
------

Generation = 2, Population = 18.
---0--
01000-
-1---0
1*0010
---1--
-000--

Generation = 3, Population = 20.
00-1--
1*-11-
0-0-01
**-1--
0-0--0
01--0-

Generation = 4, Population = 7.
---*--
*.0---
-----*
*.----
------
-*-0--

*** Life<Cell> 43x43 ***

Generation = 0, Population = 277.
-----------000--0----000--------00---------
-00---0----0-0--0---0000--0---0000---------
000-------0000--0---0000--0----000--0------
--00------0000------0-00-------000---------
-------------------------------------------
-------------------------------------------
--00-------00-------00----------0----------
-------------------------------------------
-------------------------------------------
-------------------------------------------
--00---------0------0000------00-----------
000-------0-00------0000-------000--0------
-000--0---0000--0---0000--0---0000---------
000--------000--0---0000--0---0000---------
-------------------------------------------
-------------------------------------------
--00------00-0--------00-------0-0---------
-------------------------------------------
-------------------------------------------
-------------------------------------------
-000-------000------0-0--------000--0------
0000--0----000--0---0000--0----000--0------
0000--0---0-00--0---0000--0---0000---------
0000--0---0000--0----00---0----000--0------
-------------------------------------------
-------------------------------------------
-000-------000------0-0---0---0--0---------
-------------------------------------------
-------------------------------------------
-------------------------------------------
-00---0-----0-------00-0------00-----------
-000--0---0000--0---0000--0---0000--0------
0000------0000------0000--0---0000---------
0000--0---0000--0---0000------0000--0------
-------------------------------------------
-------------------------------------------
--00--0------0--0---0000--------00---------
-------------------------------------------
-------------------------------------------
-------------------------------------------
-------------------------------------------
-------------------------------------------
-------------------------------------------

Generation = 1, Population = 541.
-00---0---0---0010----1-0-0---0---0--------
---0-0-0------00-0-0---10010-011-10-0------
111---0--0--110010-011-10010---1-100-0-----
0--10----0-11-0-0--010--0-0---0-1-0-0------
--00------0000------0-00-------000---------
--00-------00-------00----------0----------
-0110-----0110-----0110--------0-0---------
--00-------00-------00----------0----------
-------------------------------------------
--00---------0------0000------00-----------
0--10-----0--10----0-11-0----01--0--0------
1110--0--010-10-0--01--10-0---011-00-0-----
01-100-0-0-1-10010-01--10010-0---10-0------
11----0-----1-0010-0-11-0010-0-11-0--------
000--------000--0---0000--0---0000---------
--00------00-0--------00-------0-0---------
-0110----011--0------0110-----0---0--------
--00------00-0--------00-------0-0---------
-------------------------------------------
-000-------000------0-0--------000--0------
--1-0-0---0-1-0-0--0101---0---0-1-0010-----
---10010-----10010-011--0010---1-10010-----
1--100-0-01-1100-0-0----00-0-01--10--------
-11-0010-0--1-0010-------010----1-00-0-----
0000--0---0000--0----00---0----000--0------
-000-------000------0-0---0---0--0---------
01-10-----01-10----0---0-0-0-0-00-0--------
-000-------000------0-0---0---0--0---------
-------------------------------------------
-00---0-----0-------00-0------00-----------
0----010--0-1---0--0--010-0--0---0--0------
-1--0010-0-1--00-0-01-110010-01-1-00-0-----
---10----01--10----01--10010-01--10--------
-11-00-0-0-11-00-0-0-11-0-0--0-11-00-0-----
0000--0---0000--0---0000------0000--0------
--00--0------0--0---0000--------00---------
-01100-0----0-00-0-01--10------0110--------
--00--0------0--0---0000--------00---------
-------------------------------------------
-------------------------------------------
-------------------------------------------
-------------------------------------------
-------------------------------------------

Generation = 2, Population = 533.
011------0-0-0-1--00-0-0101---1---100------
0-0-----000-0-11---1-0---1---1*---10-------
--*00---010----1*--1*----1--000*0--1--0----
1-0-100-010-*-101-0----0101--0--*-10-------
00-1------1--1--0-----11--0----1-1--0------
--11------0110------1-00-------010---------
01--10---01--10---01--10------0---0--------
-------------------------------------------
-----------000--------00------000----------
001-------0-01------1111-------100--0------
1-0*100---1-0*-00-01----100-01*0-----------
**-10---0-*--*101-01----101--0--*--1--0----
1*0--1---10*0--1---1-----1---1--0*10-------
**-00----0-0*--1---1-----1---10---100------
-1----0-----1---1---11----1---1-1----------
001--------101--0---0011--0---0101---------
01--10--01-*00-0----01--10---0-0-0-0-------
-------------------------------------------
-0--------0-0-------0--0--------0---0------
0111--0----111--0---1010--0----111--1------
--*-101--0-0*-101-0--1-00-1--0--*--1--0----
0----1*-00--0--1*--1*--0-1*-000-0--1*-0----
-----1----*--*-1---1-0-0-1---1*---100------
0----1*--10----1*-00-00---*-000-*--10-0----
1-----1---11----1----1-0-------11----------
0111--0---0111--0----01---1----001--0------
1*-*10---01*-*10--0-0-0--------11--0-------
-------------------------------------------
---0--0----0-0-------000--0----0-0---------
-110--1---0010--0---1101--0---1100--0------
-00-----0--0*00---010----01-0100-----------
--0--1*--1-----10--1-----1---1-----10-0----
---*100-01*0-*10--01--0--1---1--0*10-------
-----10--1-----10--1----101-01-----10-0----
11----1---111---1---------0---11-----------
0011--1---0001--1---1111------0011--0------
01---1--0--0--11---1*00*10----01--10-------
-------------------------------------------
--00--0------0--0---0000--------00---------
-------------------------------------------
-------------------------------------------
-------------------------------------------
-------------------------------------------

Generation = 3, Population = 716.
---0-----10-0-0*101--1-1-1*0--*0-0-110-----
10--0--0---0-0**----0101------.-01-1--0----
-1*---001-10--0*.0--*--1---01-1.-10-00-0---
*01---1--*1-.0*1*---1----1-0-1-0.0*---0----
-1-*-00-0---0*--100-00-*--10-00*-*---0-----
-0*--0----1--1--0-0---110-0---------0------
1*--*10-01----10-01*-1--0----0--0--0-------
00--00---0000-0---00-----------00-0--------
000--------11-0-----0---0----011----0------
----000--0101*000-0-*-*--00-000*1100-0-----
---.*-1000---.0------11--1--1*.-00-00-0----
..---000-0.-0.-----*1--1---0----*--*00-0---
*.110-0---1.--------1-------0--0-.*1--0----
..011-0-010-.00*--0*-1--0*--0--1---110-----
0--000-0-0-0----*0-----0--*0---0*-000------
--*0000-000---0-10-01--*--10---*1-00-------
---1*1001*-*1------0----*1--0-0101--0------
0---00--0000-0-0-----0-000---0-000-00------
-1-0--0--0-01---0--01--10-0-----1--010-----
1***--10-0---*--1000-1-1-010-00*-*0-*00----
--*0*1*0-1--.0*1*---1*1110-0-1--.-0*1010---
-00--*.-1---1--*.0--.10-0-*-1---11-*.-10---
----0-0-00*0-.--0---0101-*0-0*.0-1*-10-----
11--0-*00*1--00-*-1--110--.-11-0*0-----0---
--00---0--*--0---0000---0---00--*--0--0----
1*----10--1-----100------0-0--01-*0--0-----
-.0*-1--01*.0*-1-0---010--0---0---0--------
00--000--00---00--0-00-0--0-----00-0-------
-0-10010---1010-0-----1-0010---1010-0------
0-*-00*0001-*1-0-00--*1-0--00-----00-0-----
0-1--0-0----.11--01*--010---1*1--0-0--0----
--1---*00*--0-0-100---1-0------010--1--0---
---*--1-1-.1-.-1001*10-1------101*-10------
01-0--10-*0-10---0-*0-10*1--1--110--1--0---
---0---0---*-----0-000000-100----0-0--0----
1--*0-*000--1*--*0---**--00--01--*---0-----
---10--0-0-1--**--0*.11.-10--0----*1-------
0000-00-0--0-0000--0----00----000000-------
-01100-0----0-00-0-01--10------0110--------
--00--0------0--0---0000--------00---------
-------------------------------------------
-------------------------------------------
-------------------------------------------

Generation = 4, Population = 660.
011----00*10-0-.--*0-*1*-**100.101---1-----
*----0-1-00101..--01-*-*011-0-*-1*1*00-----
1*.000-1*1--111..-01*--*011-*0-*-*-111--0--
*-------0.--.-.*.000----1-1-0*-1.1.000-----
---*-------01.--*----11*-------*-*---------
-1.---0----1-*--1---10**--1---0010---------
-.-1.-1-1-111--101-.----100-0-0-10---------
11-0-------1---------0--------------0------
-110--0---0**0--0---1000--0---**00---------
0010-------1*.--1---*1*1--1---1.**---------
---.*-*1-1-0-.1-0-010*--1*---..-1-01-------
..1101--01*0-.1---0*----101-00--*--.11--0--
.*-*-1--01**0101--01*--101--1101-.**00-----
..--*0101*--.1-*--1*0-1-1*--110---1**1-----
-101--------10--.---1101--.---11.----------
00*-------1101------*01*-------.*1--0------
0---.-1--.-.*-000001-1-1.----01----010-----
---0--0----1------------------0-----1------
0*01--1---0-*0--1---*00*--1---00*0---------
*...--*---01-*--*----*1---*----*1*--.------
00.1.*.-0*0-*-.*.00-*.***--10*-0.0-.*1--0--
01--0..-*00----..-0-.*1-1-.0*0--*--..0--0--
1-01111011.1-*0-1-011---0*--1..1-*.0*1-----
**--1-*11.*-1-1-*0*-0-*--0.0**--.--100--0--
-011--1---*101--1---1-0--------1.0--0------
**1---*----11---*---0010--1----*0*--0------
-.1*1*0-1*..1*1*010-----0-1--01-101--0-----
1--0---------0------1--1------0------------
010*------0*1*------00*0--*---0*1*---------
11*0--.---*0.*--0---1**1------1100--0------
1--0-1--0-0-.----1-*0-1-10---**--101-------
01*---.11*0--011--111-*-11--011-*101*0--0--
00-*10--*1.-0.-*1-*.*1-*01--01*--.-*10-----
1*--01--0*1-*101--0.1---.*--*1--*101*0--0--
-10---1----*1-------11-1------11-----------
-01.--*---00**--*----..---1---*01*--0------
-1-*--01-1-*-0..0-1*.--*-*-0010111.-00-----
1111--1---0101--1----00-------1111--0------
-------------------------------------------
-------------------------------------------
--00--0------0--0---0000--------00---------
-------------------------------------------
-------------------------------------------

Generation = 5, Population = 829.
--*0-00--.*-010.-0*--*-*1..-11**1--1-*0----
.000-1---11*1*..-01*0*0.1-*0--.--.-.110-0--
**.1----.----**..-1-.-0.-**-.-1*0.0*-*00-0-
*---10--1*-1.0***11--000*1*--*--.-.-1-0-0--
010.0-0-0-1-*.--*-00--*.----00-.0*0000-----
0-*--0100----*0----0*1..--*000-1*10--------
1*1*.1*---*-*-1*1*1.1-1-*-----10--0-0------
*-0-0---0-0-00-0-0---1-000--0--0---0-0-----
0**100-0-01..10010-0--1-0010-0*.1-0-0------
11*----0-0-*..00-00-.-.---*0-0*...-0-------
10-..0**0*1--**-1--*1.---.0-1*.0-01*-0--0--
..**1-----.1-.--101.10--*-*-----*0-.--00-0-
..1.----1-..-*1-101-.0-*-*-0*-1*-**.-10-0--
.*01.1--*.-0.-0*10-.11*--*10-*11-0-..-0----
--1*-000000--100.-0-**---0.-0--**000-0-----
-1.---0--0*----0100-.-*.0----0-.**0-1------
1-11.1*0-.1..01----*0*1*.---01-10101-10----
-0-100-0----0000-0000-0---0-----00--*------
-*--00-0-01-.-00*0-0*11*00*0-0-1.-0-1------
...*--*00-1*-*0-*-0-1.*100*-00-.*.0-.0--0--
1-*-**.0-.10*-..*1--*...*0--1*-1.10.*-1010-
1--11..-.---110**---..-0--*-.-01.1-*.-1010-
--1---*1--.-1*--*01----1-*00-.*-0.*-.*0----
*.10*1.*-..-*-*-*-*0--.0-1*1**0-.-0---00-0-
11**-0--00**-*-0--00-1---000000*.10-----0--
*.*10-*000--*10-.-00--*1-0*0-0-.1.-01------
-.-.-*--*..*-.-*1-10-010--*001-1-1*0--0----
*-0--00-00000--00000*--*----------0--0-----
1*1.0----0-.-*0-0--011.100.0-01.**0-0------
**.100.-00.-.*00----*..--00---**11---0-----
-011--1-10--*-10--1.10-1--1--..-0*1-00--0--
1*.00-**-.-1-1-----**0*1**10--*-**1-.-00-0-
110**-1-.*.11.1.*-*..*0*1*101-.0-.1.-10----
-.-----0-.*1.----01.-1--.*10*-0-*--*.-00-0-
-*-00-*0001.*0001-00-*--001-0---0-00-0--0--
11-*-0*---1-.*00.0001.*-----0-.-**001------
---*011*---.--**--*..1-.-.01-----**1110----
**--00*---1*--00*000011--0-00--**-001------
0011--0---0000--0----00-------0011--0------
--00--0------0--0---0000--------00---------
-01100-0----0-00-0-01--10------0110--------
--00--0------0--0---0000--------00---------
-------------------------------------------

Generation = 6, Population = 737.
--.---10-**0-*1.1-.--*1*-*.-*-***11-1.-00--
*-11-*--0**.*...0--.-.-.*1*1-1.--*1.*-10---
*..*----*-1--....0--.1-.0..-.-**1.1*-.-1--0
.01--1-0-*1-.-..*-*-11--***0-*-1.1.0*-10---
1--.1-10-0-0*.--*0---1..00---10*-.1-11--0--
--.------0--1.---00-.***00.-1-0-.*1--0-----
*.-..-.--1.-*--.-**.*--0*-00--*1--10-------
.---100--0---------0---1------01--0---0----
1..-11-10--..-1--10-1--0-1*-0-..-----------
*-.-0---0--**.1---10*-.-0-.-01..*.01-0--0--
--0.*1**-**00**0*00.-*--1.-0**.-1--*-------
..***-00-1*-0.-0*1-.--0-*0*--001.10*-1-1--0
..-.01-0*1..0*-1*--1.-0*0.--*1-.0.*.0*10---
.*--.*--..--*11.*-1.--.-1*---.**1-1**1100--
-1-*--1-11--1*11.01-*.0--1.--0-..-110------
--.--0-0--.1--0-----.0..----010...1--00----
--*-.-.-1****--00-0.1.-..-001--*--1*-*10---
-10-110-00-111--0---1--00-1-0--0--0-*-0----
0.01--1-01--.011.---.--.11.101--.-1-*---0--
.***00.-10*.1*-0.--0-..*--.0-10**.-0*---1--
*-*-.*.1-*-1.0...*-0.**..-11-.0*.--.*1-1--0
*10*-..-.-0-**-..00-..11-1.-*---.*-**-*1*-0
-0*1--*-1-.1*.0-.-----0--.---..1-.*-.*100--
*.*1.-.*-**-.-*1*0.-01*1-*.-..1-*--1---10-0
*-..-1-0-1**-.---011----01--1-1***--0-0----
*..*1-*----1.*10*01100.---.1---.-.0-*00-0--
-.-.-.0-....1.-.-1*101*10-.1----1*.----0---
*010--1--1-11-----1-.0-.-00-0-0000---------
*.-.101-0--*-.--1----**---.--1-...---0-----
...-11.0-1*-*.----0-...-------*.-*0-010-0--
11-*0-*0--0-*---01-.*-1*-0---.*-1.--1------
-..1--*.-*0*--111-1..-.-..---1.0..*1*0-10-0
-*-.*-*0*..***-..0*...1.*.---1*-1.**1*10---
1.1---11-..-.1-101*.1--0..-1.--1*10*.0-10-0
-*--10.1--*.*111*-1-1*-111-0-011-0-10------
*--.--.00-*0*.-1.1-1*.*100--10.0*.---00-0--
--1*1--*0--*--..-0...*1.-.1-0--11..---10---
*.-1-1.--0-.---1.-1----00-0-10-..--1*-0----
-1*----0-0-1------00111--0-00011----10-----
0011--1---0001--1----11-------0011--0------
01---1--0--0--11---1*00*10----01--10-------
-------------------------------------------
--00--0------0--0---0000--------00---------

Generation = 7, Population = 818.
0-.0--*10..10****0.-0.-*1*.-*1****--**--10-
.-*--.---...**.*1--.-*0..***0-.-1.*.*-*1--0
*..*0---.--01...*---**0*-..-.0.**.-.1.0-00-
*1*---111.--.-..*-*-**00..*1-*--.-.-.0*---0
--0.-0*---11*.-0*-0---..11-0--1*0.*0-----0-
--.-0-100-1--*---1-0**..--.--0-1***--10-0--
..-..1.-1-*1.1-.1*..*--1.011-0.-1-*1000----
.--0-11--10-0-0---0-0-0--0-000--001--0-0---
*..1*-0*---..1*01*--*0110*.-1-**1--0-00-0--
.1.0-0001--...--10*-*-.-1-*-1-...*1---00-0-
101..-..0..1-..1.1-.-*-0-.-1...-*-1.0--00-0
..*..--10*.1-.-1.--.--11.-*-01-*.*1.1*0*00-
..1.--0-.-*.1.1-.---.0-.1.10*-1.1...-.*1--0
..01.*-0..-0.--..0*.1-*--*1-1.**--*..**110-
0*-.00-0**0--.-**1--.*-1-*.--11..0**-0-00--
-1*00-0-0-.*0-1010--*-..-01--*1..*-0-------
--*1*-.--....--1---***-..1--*--*01*.1.-10--
-*11*---110-*--01000*001-0*---0100-0*01-0--
-.1-00*-1*-0.1--*--0.--.-*.-1---*0*0*00010-
*...--.---.**.01*0011.**-0.-0-1.*.-1.---*00
*-.1.**-0.--.-..**01**..*-*--.-..1-..*1*101
**-.1.*0*---..-..-1-..**--*-.00-*.0*.-.-.-1
1-.*11.1--.**.1-.-1-1--1-.--1..--**0.**-10-
*..-*1.*1..0*0*-*-.-1-**0*.-.**-.----00----
*1*.--11--.*0*--11*-1-0-1-0----.**--101---0
....*0*--0-*.*--.---1-.1-0**--0.-.--*--0-0-
-.1.1.-0..*.*.1*--.*1-.-1-.*--1--.*-00-----
*--1---0-----0--0-*-.-0.-110-01-1-0--0-0---
*.1.-1-0-0-.1.-0-0--1**1-0.---1...0--1--0--
**.-*-.10**0*.-----0...1-0----**-*1--*1--0-
**-*-1.-10-0*11--*1*.-*.--1--**0-.---000--0
1*.*01..-*1.0-*---**.-*1*.--0*.-*.**.-0-1--
-*-*.-.1**.*.*-..-....-*..-01-.-*...*.-10--
-.-0---*-..1.-0-1*..*--1.*1*.-0-.*1..10-1--
1*-0*1.--0*..*--.-*0*.0**--10--*-10-1000--0
.-1.-0.1--*1..-*.*0*...*1-----.1.*-0-1-0-0-
-1***-1*---*--..01.***-.-.*--10--..11-*1---
..1*0-*--11.--0-.-*-0-111010*--.*-0**01----
0-.1-0---10*-0-000---*----0111*--1--*1-----
--**0---0-1--*---00-0**-0--00-1--*--1------
---10--0-0-1--**--0**11*-10--0----*1-------
0000-00-0--0-0000--0----00----000000-------
-01100-0----0-00-0-01--10------0110--------

Generation = 8, Population = 762.
-1.-00.-1..*1....1.0-*-*-*.-*-****-1**--*1-
.0*10.010.......*--.0.-..***-1.1-...*1**00-
*..*1001.-11-*..*011..-.0*.-.1****1**.-1110
*-*-1---*.1-.-..*-.-*.1-.**--*--.-.0*1*000-
1-1*-1.0-0--*.01*01---.***1101*.-.*11------
--.1-------1-*001*01**..0-.-110-...0-------
..-..*.-*1.*.*-.**...---*---0-.---.-----0--
.-011----*-1--1--0---111--0-1---1--0-------
...*.-1.-01..**-*.00*-*-1..--0**-00--------
.*.10111-0-...10--*-*1.1*0*0*1....--0------
*1-*.1..-.**0..*.*-.-*11-*0-.*.-*--.1-01---
..**.--*1*.*-.-**1-.-0*-*0*--*0*..-.-.1.110
.*-.---0.-*.-.--.01-.-0.-.*-.1*.-.**0..*00-
..-*.*11..0-.-1*.-*.--*--.-0*...--****.-*1-
1.1.--1-.*101.-..*--**0--..---*.*-.*-10----
--.110-01-**1-*-*-0-.0*.01*0-.-...-1-0-----
-1.-.1.--.*.*---0--...-..-00.-1.1-..*.-*-0-
0*-*.-00-*11*-0-*---.1-*-1*0-01*-1--.1-----
0.*1--.--.11.--1.00-.1-.1*.1*1--.1.-.11----
.*.*0-.--0****1-.11--.**01*01--**.-*.--0.--
*-.-***11.-1.-....-*....*0*11.-.*--**.-**1*
**0.*..1*0-0..0..---..**-1.0.11-*.-*.-.1.0*
--.*--.-1-.*..*1.0*-*10--*00-..--*.-.**-*1-
*.*-.-..*.*1.1*-*-*0--*.1*.-.*.0*-01-111000
*-.*-1---1..1.-0--.---1-*-1--0-*..00-1-----
..*.*-.00-1...-0*01--0.--1.*001*1*00.0-----
1.-.*.-1*.***.**--.*-1.--0..0--11*.---0--0-
.01--01-010-1--0-0*-.-1.-----1*----0-------
*.-*----01-.**0-1---**.---.0---.*.-00------
...-*1.-1..1..00---1...*-1----..-*-00.-----
..-*-**--1--.--00**.*0*.1--0-..--.-11--1---
-..*--**1.*.1-*1--.*.0***.1--..-**.**-1-*00
-*-*.0*-.*.*.*1*.0**..-..*----.0*...*.1*10-
1*1--11*-..*.1--***.*1--.*-..1--..-..---*00
**0-.-.-01..*.-1.0.1**1..---10-*-*-1*-1----
*1*.01.*0-.-*.0...1.....-01010.*.*01-*-----
0*...1-*010*0-.*1-...*-.-.*--*1-1*.*--.-00-
..-.-1*-0--.----.0*01-*----1.0-*.11..1-----
-1.--------*-101--0-1.11------*1-*--.------
00*.------*00*-----0-..0--0---*01*--*------
011*------0*00..---..**.--1---0111.--------
1111--1---0101--1---0000------1111--0------
--**--0------0--0---*00*--------**---------

Generation = 9, Population = 807.
0*.--1*-*...*....-.-0.-.-*.-*1***.-*..--.-0
*-.*1.-*-**.....*01.-.-....*0*.-1....*..-1-
*...--1-.1-*-..**--***0.1..0.*.***-...0*--1
*-*-*111*.*-*0*..1.-..--...--.01*1.1.-*11--
*--.1-.-0---*.-*.1---1**..*-1-..-.*---0000-
0-**0--00-1*1.11-.1-*...--*-**-1..*1----0--
..1....0*-.*.*1....*.-1-*011--.-1-.----0-0-
.11**-1--.0*00*001-0-***00--*-0-----0---0--
.....-**01*..*.0*.--.-.-*..01-**111-0------
**.*-***-11.*.----*0.-.-.1.-.*.***111000---
*-1..*..0..*1....*-.-.*--.1-...-.0-.*--*-00
*..**10*-*..-.1*.*-.1-.1*1.00.1*..1.-.*.-*1
..-*-1--.-**-.1-.--1.--.1.*-.-.*-.*.-.*.-1-
.*-..**-*.--.1*.*0**1-*0-.-1*.**10.....-.-0
-.-.00*0..-1-.-.**10*.110*.-01...0..0*1000-
01**--01*0..*-.-*0-0*-**1-.-0.-...1*11-0-0-
-*.-.*.-1....0-1-00..*1*.111.-*.--..**1.--0
-.1**-11-*-**--0*-0-.*-.0-.10-**0*0-**-0-0-
1..*--.0-.**.11-.--0.*-.-..*.---.**0*-*----
**..--*0-1...**-*----.*.--.-*-1***0*.0-1.00
*0.-..**-.--.0*...-......-.--.0.*10**.1*.**
**1.*..-.1--*.1*.011*.**1-.-.**-**0*.0.*.1.
-0.*--.---.*...**1*1*-1--.--1*.10*.-.*.-.*0
.**1*1..*.*-.*.-*0*1--*.-..1*..-*0---**-111
.1**0-110-..-*-111.1--*-*-----1...11---0000
.*..*-*--0*.**-1.-*-11*--*.*11-.*.1-.1---0-
-.-.*.--....***.--.*-**-11**111-*..----00-0
*1*--1*01*-1--0101*-.0-.-1-0-**--001--0--0-
.*-*--101--.*.----0-***1-0.-011...01-1-----
...1.-*1*.*-*.--00--...*0-0---..-.-11*-0---
..1*0..-1--0.-11-**..1..*---1..-1*1**0---00
-..*01..*.**-1.*--...-..*.---..-***..-*-.11
-*0*.-.1.*.*..*..-....1*.*---1.1**.**.-.-10
-.--0-**-*.*.*-1.....---..1.**0-..-**---.11
..10*-.1-*.**.--.1.*..*..-1--1-.-*0-*0-0000
.-.*1-..10.-*.-..*-*..*.11*-*1.*..-*1*--00-
-.*..-1.---*-0.**-..**-.-*.1-.*-*..*1-.1110
**-.0-*01-1.010-.1*--1*-----*1-..**..-1-00-
-**--00-0--*0--*0-1-*.--0-01--.*1.--.1-----
--.*-----0.-1.-0-----..10010-0.-*.00.0-----
1--.0-0--01.-1*.0--.....-1*0-01--**--------
-*-*00*0-0-*1*00*0-0----0-0--0-*-*00-0-----
0-.*0010--00-10010-0*11*0-----0-.*0-0------

Generation = 10, Population = 780.
-*.0-**1**.......1.0-.-.1..-.****.1...--.--
*-..*.0*0***...**-*.-.0...**1..1-.....*.0-0
*...--*1.*-*-***.0-***1.-..1.*....1..*-.---
*-.-*-*-*.*1*-*..**0..-0...10*1*.-.-.1.---0
*1-.--.0-0--..0*.*---**....-*-..0..1-1-1-10
1-*.-01-1-*.-.--1.-1*...0-.0**--.***0-0010-
..-..**-*1....*..*.*.-*1.1**00*--0.10-0---0
.***.-*0-.-.--.11*-1-**.---0*-1--01010-----
*....-..-*.....-..0-*0*-..*1-0..**-0--000--
***.-*..---.**-01-*1.-.-.-*0**....*-----000
*1-.....-..*-*..**-*1..-1.--**.-.11.*-0*---
.***.--*1*..0*-**.1.-0.***.11.******1***1.-
..1*0-00*-*.1.--.--*.-0.*.*0.-..-.*.-...0*0
..0....1..0-***.*1..--*-1.-**.**--*....1.1-
1.1*11.-.*1--*1...*-..*-1*.-1***.1..-.-1---
1***-0-*.1..*-.-.1--.0..-1.-1.1...*.-*-101-
-..-.*.0*.**.--*---...*..*--.1*.11....**-0-
0****1*-1*1*.1--*01-.*-*--.*1-**-.-0..-----
*..*--.-1*.*.---*---**-.1..*.---...1.-.0--0
..*.-0.1--*....-.1-1-...--.-.--...-..--*.--
.1.-.***1.--*-..**0*.**..-.-1.-..--...**...
..**...1.-0-*.-..-***.***1.-*..1..1..1.*.-.
--..11.-11****...-.-.---0.---..*-..0.*.0..-
*..-.**.**.-*..1.-.*-1*.1..**.*-.--10**1--*
**..11----**-*--*-.*--*-.------**.-*1--11--
.*..*-*--1.*..1*.-*-**.10...*-1...*-.-0-010
1.1**.-1........11.*1..-*-..*---*..0-0-11--
***--*.1**--1-----*-.-1.--11-..0-11-0------
**1*1-*-*-0.**00-01-**.-01.-1*-..*-*0*-0-0-
...-.1**...1**0-1-0-*...-1-0-0..1.1**.--000
..*.-.*--101.-*-0**..-..*010-..0-.*..--10--
-*..1*.**..*--.*10...0*.**--0..-.....-.1***
1.-..0.*.*.*.*.*.-....****---*.*....**1.1*1
-*-01-**-*.*.*0-.....--1.****.1-..-..--1.**
..*1.1**0*.*.*-1**.....*.--11--.0.1-.--11--
.-..-1.**-.1.*-..*-*..****.0*-.***-.-.00110
0**.*1*.-1-*-1.**1.**.1*-*.-0.*1**..--**--1
*.1*-1.----.-*11.**01-*11011**-..****--0---
-**--1-01--.1--*10*-.*1-10----**-.-0**--00-
00**-0---1.-*.-11-0-0..*11-1-1.-*.-1*10----
---.111-01*.0-..1--....*1-.--1*--..1-------
1*-.-1.--1-.-.-1.--1-00-101-01-*-.-10-0----
--**11*-0-1-0-11*---*--*-00-----**-0-------

Generation = 11, Population = 744.
-..-0*.*........*-*-0.1.-..1*****.-...0-.-0
*-..*.1.1..**..*.-..0.1*..***..*-*......---
**..-0.-..-.1*...1-.**-*-..-...*..-..*-.1--
*-.1.-*-...**0...*.-..1-...-1.-*.-.1.-.1--1
**-.11.---11.*-*.*---***...1.1.*-*.*1*0*0--
*1..0--0*-*.-.---*1-*...--.-..--**..-1-1--0
..-**..0**.......*.*.-****..-1*11-.*101-0--
.**..-*1-*-.--.*-*0*0...-001.-*1-1--*1000-0
*..*.1*.0.....*-..1-.1*1...*-1*.*.-1--1---0
..*.0...-1-.**-1-0.-.1.-.1*1..*.*..-1--0--1
.*1*....0..*-.....-.*..-*.11...0.-*.*0-.000
*...*--.***.-*-**.-.--*....--.***...*...-.1
..*.1-1-.1*.-.11.0-..-1....1.-..1...0*..-.1
..-....*..--*.**.**.-1*--.-....*1-*....*.*-
*.*.--.-.*-11.-**.*0.**--**-*...*-*.-.1----
-...1--*.*..*-*0.---.-**--*0*.-...*.1.0*--0
-..-...-.....01.--0..**.*.11.*..***...**010
-***.**1*.*..-0-*-*0**0*-1***0**-.01..1--00
*...--.--..**1-1*00-**1.-..**-01...*.-.110-
.**.01.*1-**...-.*1*-.*.0-.0.--...-..--**-0
.-.1**..**-1.0..*.1..**.*0.1*.-..-0....**..
..**...*.-10..-..-..*.*.**.0...*..-.**.**-.
1-.**-.--*...*...-*-.1---.-0-***0.*1...-*.0
**.-..***..1..*-.-..-**.*.....*0*-0*1..*-1.
**..--1-01.*1*-1*1**-1.-*--0--1*..-.--1----
.....0*-0-.**.**.-*-.***-....--.***0.---1-1
*.-.*.-*.**....***..-.*-*1..*11-*..-0-0*--0
...10*.-.*-1*-0101.-.--*--**0*.-1-*-10--00-
*.***-.-.1-...1111*-**.11-.0**1...-.-*--01-
...1**..*..-..10*---**..0-0101*.-.-..*-0-11
....0..0-*-*.-*11.**.1.*.----..--**..-0-10-
-*..**.*...*11..*-*..1*...---.*-.....0.-..*
-*-*.1...*.*.*.*.0...*....-01**......**.-.*
-*1-*-..0*.*.*11.....---.*....--..1..1-*..*
..*-.-..1*.*.*1****......--**11.1.-1.--*-0-
.1..--...0.-.*0...-***...*.-.1*...-.-.--*--
-.*..-.*---.--.*.*....*.-..1-.**...*11..--*
*.*.0-.011-.-*-*...1-1.**---*.1..*...--1-00
0..10--1*--.*--.*1.-..--*1--11**-*-1..--110
11.*0--00**0**0-*01--*..-----*.-..0*.*1000-
--1**-*-1-**11..*00***..*1.0-*.-1.*-00-----
**-.0-.-0*0.-*-*.-0-011--1--1-1*-.0*1--0---
0-**-**--0----***0--*--*0--000--*.-1--0----

Generation = 12, Population = 733.
0..0-***.........-.-1.**-.*-.****.-...-0.1-
*-..*.-*-..***..*0..-.-*..*.....1.......0-0
**..--*-..-.*.*.**1.*.-*1..1*.**..-...0.-11
.1*-.1*1..*..1...**-*.*0...--.1*.1**.-.*10-
..1*-**000--.*-..*---***...-*-**0*.*-*-.11-
*-*.--1-.0**-.-11**1*...00.0**01.*..0--*10-
*.-***.1..*..........1.***..0*.*-0***---10-
.**..-.--*0.--..-*1.1...----.0.---10.*----1
...****.-*...**0..*-.-***...-*..**1-0-*000-
....-*.*1-1.**1---.-**.1**.*.**.**.-*------
.**.*...1..*-*.*..-..*.1..--...1.1..*10.1-1
....*10**..*0.1**.-.10.*..*--.*.**......1.-
...**---.-**1.-*.1-..--*...-.-*.-..*-*..-**
.*-*....**0-*......*1-.0-.1*...**-.*.**...-
....1-.-..-**.1...*1*..-1**0*..**-*.0**1-00
1...-00.*.***1.-*--0*0..--.1.*-.*.*.-.1.--1
-.*1**.-.*...1*.001.....*.**...**.......-*1
-**...*-...*.110*0.-..-.0*...1..-.--..*001-
*...0-.--...**1*.11-..*.1*...1--..**.-*-*-0
.**.--**-1...**1..-.-...1-.-.-1...0..-0..0-
.1.-.*....--.-....*.*.*..-.**.-..1-........
..*..*...1*-..-..-.**.*.**.-.*.***-.*.*..1.
*-.**1*--*.**....1.1**1--*01-*..-.*-.**0..-
..*1.**....*..*-*0.*1***....*..-.--.*..*1-.
**..---11*..*.--*-**--.-*11-10-...-.11--100
**...1*011.......0.-**..0*..*1-.***1.-----*
..-*..-*.*........*.-*.-***..**-*..-101*1-1
.**--*.1.*0*.----*.-.0-.0-*.-..0*-.--------
..*..1.-**0...*--**-**.--1.1..-*..0.-*0--*-
..*-.*..***1.**-.---....1-1*1**.-.1..*1--**
....-..11.-*.-.**.**.-.*.-101.*-1....0-1*-0
1.**.*.....*--...0**.*....-00.*0.....1.-..*
1*0*.**..*.*...*.-...**...11-**.....**..-**
1*-0*-..-..*..**..*..1--..*...--..-.**0****
..*1.-..-.....-.*****....-1.**-*-.--.01*1--
.-*.--...1*1**-...-***....*-.-....-*1.--*-0
0.**.-.*---.--.**.**..**1..--..*....-*..1-*
..*.11*1**1.-.-*.**---***---*.-....*.11-0-1
-..-110*.10..10..-.0*.--**01-*.*-*0**.00---
-*..10---..1..1-.----*..---1-..0*.-..*--1--
-1*..-.0--..**...1-.....*-*-0*.--..-----00-
*.1.1-*0-.-.-*0..0111**-1*10*-**1.-.----0--
10**1*.0-1----***1-0*--*1-0111--..-*-0-----

Generation = 13, Population = 741.
1..-0***....*....1.0-.**1..1..***.-...0-*--
*-..*.1*1..***.**-**-*-..**.*...*......*--1
*.*.1-.1..1...**..-..*-.*..*.**..*1...-.1--
*-.-*-.-.*..***....-*..1...1-.*..-.**1***1-
..**-..1--11*.0...100......-*1..-..*1.0.**0
.-*.00*0.-.*1.1*-**-*...--*1..1*....1-0*-10
*.1****-*............-.*.***-..*--...------
.**..-.10*-.-0*.1*-*-*..-0--.-.111*-.*-0-0-
..******-..**..1.**0*-*..*..1*.**.-110*--1-
..*.0..*-1-*..-1--.1**.*.*..***....1*--0-01
...**...-.*.-...*.-....-.*11.*.-.-*.*-1**--
..*..--***..-.*...-.*-.**..1-.*.***...***.-
..**.-10.-..*.-*.-1*.01**.*1.1*.-**.-**.-*.
..-*.....*--........-1.1-.-.*.*.*0**...**.-
....--.-*.1...-...*-...-**.-..*..-*.1..*-1-
-...1-1..**..-.0*-0-.1..-1.-..1....*1.**-1-
1.*-*..-.*...*..11***...*.**..****....*.-.-
-**....1.....*-1.1.-..0.1...***.0.01..*-1-0
*..*-0*0-.....-..-*0....*....*--..**.1*1.--
***.0-*.--..*..-**-*1*..*-.0*--..*1*.01*.--
.*.-.*..**1-.0*.....*...*0..**0*.*-..*.....
.***.....-*-..-..0....*.**.-.**.**-...**.-.
.0...-.11*.**...**.*..*--*-*1**.0*.1*..-..-
*.*-.....*.*.*.-*-..*..*.......-.-0**...--.
*...--1-***...01*-..1-.-.**-*-1..*1.-*1----
***..*.-***......-.-**.*1....*-*****.-00--*
*.-.**-..........**.-**1..*****1..*-*--**-*
.**-0..*..1*.-0-0*.-.-1.1-.*-..-*1.-1--0000
..***-.-..1.***11**-**.-1-.*.*-***1.0*-00*-
...1..*....-***-*0-1*...-1-.*.*.1**.*.---.*
.***-.**-.-*.1***..**1...0--*..0-...*-0**0-
*..*.*.**..*1-.*.1.*.*....11-..1.....-.1*.*
*.1..**....**.***0.*.**...--1***.......*-..
-.-1.-..-.*...**..*..*--.**...11..-...1...*
...-*-..-....*1***.......1-...-.1.-1.-*.*--
.1..--...**-*.0*..1..***.*.0.1*...0.*.0-*-1
-.*.*1.*---.01***.......-*.-0......*-**.--*
.**.-*.-..-.-.-*.*.111*..-1-*.-.*..*.--11-*
-..1*-1..--*.*-*.1*1**1-**--1.**1*-*..-11-0
1***-----.*-..*1.0-0-...-11*-*.-**0***--*--
--*.*1.11-..*....*-*..***1.--*.--..--0-0110
*.-.*1.10.-.-.-..1-****0*.-1.-***.-.-0-01--
--*.**.1--1---***-0-.--*-0-***-0..0.--0-0--

Generation = 14, Population = 721.
*..0-...*..***..*-.11.*****-...**.-...-0.10
*0..*.-.*..***.**0**-*-..**.*...*......*01-
*...-0**.*-.....*.1*.*1.**.*.***.*****0.*-1
.1*-*1.-**..*......-**.-...*-.*..1...-*..--
.**.1..*0-**..-..*--1*....*1**.*-...*.-...-
.1..-1.-*-*.-.-*-**1*...--.-.***...**--*1--
..*....-.*..*......**1..**.*0...-0...01---0
.....-.-1*0.-1****1*1**.0--1*0.**-*-.*0--11
....**..-*.***.*.*.-.-*..**.-.....--*1.00--
..*.-..*--1**.1*-0.-.**..*.....*..*-.-010-*
..*.*..*1.*.-..*..-*.**-.*--...-.-*.*--..-1
..*.*--***..0..*..1**-.....-1.***........*-
..**.1*-.-....-..1**.--..**-.**.1...0*..0*.
..-*...***--......**1*.*1.1**.*.*1..**.*.*-
....1-.0*.*...-..*.1..*-**.-..*..-..**..0*0
1..**--.*.*..1.1*1--*-..1*.1.*-.****-.**-*1
-.*-.*.0***.....-*.***.**.***...**..*.*.0*1
0.*.**.**.....--.*.-*.-.-..**...1.--*..0---
*..*01.-1.....-..1.-.*..**.*..--.....-.-*-0
*.**--..11...*.1.*1.**.**-.1.11.****.1**.--
...1**...*-1.1..*****....-**..1*..-.**.....
**.....*.1.-**1.*1*..*.....0......1.***..-.
*1.*.-.*-*.**...***..**--*-.-.*.-..-**.0..-
*..1.......*.**-.-.***..**....*-*0-.....--.
*.*.----...*..1-*1.*--*-.*.-.0-*..*.-*----0
*...***0*.*....**0.1*..**.....-.....*----1.
*.-.**0.*..*....***.-..-.***.*.-...0*0-..0*
.**1-.....-**-11-..-*0*.*1..-..0.-.1--01-1-
.*..*1.0..*....--..0**.1*-**.*1...-.1*--1.0
.*.-.***...-...-.-0-....-*1**.*.-.*.*.1--.*
.*.*0*..-.0*.-.......-...1--***1-*.*.-1..10
*..*.*..*.*.--...*.*......**0..-*....-.*...
.*-*.***..*.*....-.*.**..*--**..*.....**-*.
1.--*1..-..**.....*.**--.**...--*.-...*....
...-.1..-***..-..**..*...--..*-.-.--.0*..0-
.-.*-1.....-*.1...-...*..*.-**....-.*.--.-*
-.***-*.010*--...***...*1*.-1.....**1**.-1*
.**.1..1..-.0.-..*.-*****0--*.1.**.*.1----*
0..-*1-..--...0*.*.-..--*.0-*.*.-.0...0-*-1
**..10100..-***-.-1--...1*-*0*.-..-*.*10.--
--*..-.--1.......*-*.....-.-0*.1-.*1------1
.*-..*.*-*0.1.0*.*1***.-..1*.1.**.0.110-*-0
10.***.*-1-0-1.**1--*1-*1--***01*.-.---010-

Generation = 15, Population = 729.
**.--......*.****-.-*****.*1...**.-...01.-1
*1..**1.****.***.-..0.1.....**....****..1-1
*.**1-**.*1*.*.**.-...*.**.*.***.*****-.*1-
*-*-*-.1...*.....**-...-.*..-....*...-**.-1
*...*.**10**..-.**--*.....**...*0..***0*..-
.*.*--.-*0*.1.1.-*.*....00.-...**..**--**10
.......-...*.*.......-******-...--**.---1-1
.....1.1*.1.0-.*.*-.*.*.10--.1..*1.0..---*-
........-..........0.1..****1.****-1*-.----
....-***---...**-1*1*..***.........1*-1*--.
.**...*.-.*.-*.*..-*..*1..1-..*-*1.*.11**-*
.**.*--..*..-...**-..-...**1-.*.**.***..**-
..*..**0.-....-..*...0-.***-....-...-**.1**
..-*.*...*--........-***-.-**.*.**.*...*..-
....*1.-..*...-..*.*..*1...-..*..-......1.-
-..**--...**.-.*.*00.-*.*..*.*-**.**1.*.-.*
-.*-.*.-..*.....-*.*.*.**....*.*....*.*.1.-
1.*...........--**.-..-*-.......**-1.*.-11-
*...1-*--.....-..-.-.*****.*.*0-*.***1.1*--
.**.0-..--*.*.*-..-..****-.-.*-.****.-**.-0
*..-*....*--.-........*..0**.*-**.-....*...
**.*..*..-.0..*..-...**....1..**..-......-.
.-...-..-..*....*.....*1-*0.-..*0*.1*..-..-
*..*.......*.**1.-.*...****..**0*1-.***.--.
*..*1111..*****1.-..1-*-.*.-.-1***..-.1----
*..**..-****.....1.-*..**...*.-......1--1*.
*.1...-.*****.*...*.-.*1..*....1...-.1-..1*
****0..*..-**-**-**-.1*..-..-*.-.-.*101*0*0
**.**-.1...*...1-..1...*.-...*-*..1.-.0--.1
**.1...*..*1...-.0--*...-.*.....-.*.*.*00.*
**.*-..*1*-*.-....*..-...*10..**1***.0**.*-
**.*...*..*.1-....*.*....**.1..-**...-.*.**
**-*...*.**.*....0.*.**..*1-**.***....**-..
-.--.*..-*..*....**...--.**.**-1..-.....*..
...1.-*.1.*..*1..******..-1.**1.1.--.1*..--
.-**1**.*..1*.-...-*..**.*.0**....0...--.1*
-*...1**1--*0-...****...*.*1-....**.*.*.1**
.**.-.*-**1*-.1..*.-***..--1*.**.*...*1-1-*
1.*1.--.*--.*.-****-.*1-..-1..**1*-*..11.-*
**.*-1--1..1.**-*0---...-*1.-..0..0****1.--
11*.*-.--****..***-......1.0-..*-**----011*
**-*.*..-*1*-*1*..-..**0..*..-....1.*-10*01
*-*.**..-*1-0-.*.---.--.*0-*.*-***0.00-1*1-

*** Life<Cell> 5x5 ***

Generation = 0, Population = 19.
00-00
00-00
00-00
-000-
0-000

Generation = 1, Population = 14.
-----
11-11
-101-
0-110
-0-11

Generation = 2, Population = 12.
00-00
*-0-*
0-1*0
-----
--0--

Generation = 3, Population = 12.
-101-
*11-.
1--.-
0--10
-0-1-

Generation = 4, Population = 12.
--1*0
**--.
--1*0
1-1-1
---*-

Generation = 5, Population = 10.
0-**1
.*1-.
---.-
--*-*
0--*-

