*** Life<ConwayCell> 4x4 ***

Generation = 0, Population = 4.
....
.**.
.**.
....

Generation = 1, Population = 4.
....
.**.
.**.
....

*** Life<ConwayCell> 5x5 ***

Generation = 0, Population = 3.
.....
.....
.***.
.....
.....

Generation = 1, Population = 3.
.....
..*..
..*..
..*..
.....

Generation = 2, Population = 3.
.....
.....
.***.
.....
.....

*** Life<ConwayCell> 5x5 ***

Generation = 0, Population = 4.
.....
..*..
.*.*.
..*..
.....

Generation = 1, Population = 4.
.....
..*..
.*.*.
..*..
.....

*** Life<ConwayCell> 5x6 ***

Generation = 0, Population = 6.
......
..**..
.*..*.
..**..
......

Generation = 1, Population = 6.
......
..**..
.*..*.
..**..
......

*** Life<ConwayCell> 6x6 ***

Generation = 0, Population = 5.
......
..*...
...*..
.***..
......
......

Generation = 1, Population = 5.
......
......
.*.*..
..**..
..*...
......

Generation = 2, Population = 5.
......
......
...*..
.*.*..
..**..
......

Generation = 3, Population = 5.
......
......
..*...
...**.
..**..
......

Generation = 4, Population = 5.
......
......
...*..
....*.
..***.
......

*** Life<ConwayCell> 43x43 ***

Generation = 0, Population = 277.
...........***..*....***........**.........
.**...*....*.*..*...****..*...****.........
***.......****..*...****..*....***..*......
..**......****......*.**.......***.........
...........................................
...........................................
..**.......**.......**..........*..........
...........................................
...........................................
...........................................
..**.........*......****......**...........
***.......*.**......****.......***..*......
.***..*...****..*...****..*...****.........
***........***..*...****..*...****.........
...........................................
...........................................
..**......**.*........**.......*.*.........
...........................................
...........................................
...........................................
.***.......***......*.*........***..*......
****..*....***..*...****..*....***..*......
****..*...*.**..*...****..*...****.........
****..*...****..*....**...*....***..*......
...........................................
...........................................
.***.......***......*.*...*...*..*.........
...........................................
...........................................
...........................................
.**...*.....*.......**.*......**...........
.***..*...****..*...****..*...****..*......
****......****......****..*...****.........
****..*...****..*...****......****..*......
...........................................
...........................................
..**..*......*..*...****........**.........
...........................................
...........................................
...........................................
...........................................
...........................................
...........................................

Generation = 1, Population = 157.
...........*.*......*..*.........*.........
*.*...........****......*.....*...*........
*.............*....*....*.........*........
..**......*..*......*..*.......*.*.........
...........**...................*..........
...........................................
...........................................
...........................................
...........................................
.....................**....................
..**........**......*..*......**...........
*.........*...*....*....*........*.........
...*......*...*....*....*.........*........
*..*......*..*......*..*......*..*.........
.*..........*........**........**..........
...........................................
...........................................
...........................................
...........................................
..*.........*...................*..........
*..*.......*.*......*.**.......*.*.........
....*.....*...*....*..............*........
....****..*...****.......***..*...*........
*..*......*..*......*..*......*..*.........
.**........**...................*..........
..*.........*..............................
..*.........*..............................
..*.........*..............................
...........................................
...........................................
.*.*........**......*..*......*............
..........*........*....*....*...*.........
....*....*....*....*....*....*....*........
*..*......*..*......*..*......*..*.........
.**........**........**........**..........
.....................**....................
.....................**....................
.....................**....................
...........................................
...........................................
...........................................
...........................................
...........................................

Generation = 2, Population = 179.
..............***..........................
.*...........****......**........**........
..**.........**.*......**........**........
...........***..................**.........
...........**...................*..........
...........................................
...........................................
...........................................
...........................................
.....................**....................
.............*......****...................
..**.......*..*....**..**..................
.........***.**....**..**........**........
..*........*.*......****.......***.........
.....................**........**..........
...........................................
...........................................
...........................................
...........................................
............*...................*..........
...*.......***..................**.........
...**.*...**.**.*.........*......**........
...****..***.****.........*......**........
.******...*.*****.........*....*.*.........
.***.......***.............................
..**........**.............................
.***.......***.............................
...........................................
...........................................
...........................................
...........................................
.............*.....**..**....**............
.........**........**..**....**..**........
.***......****......****......****.........
.**........**.......*..*.......**..........
....................*..*...................
....................*..*...................
.....................**....................
...........................................
...........................................
...........................................
...........................................
...........................................

Generation = 3, Population = 120.
.............*..*..........................
..*..............*.....**........**........
..*.............*......**..................
...........*..*.................*.*........
...........*.*..................**.........
...........................................
...........................................
...........................................
...........................................
....................*..*...................
...................*....*..................
...........*..*............................
..**.......*.**..................**........
...........*.**....*....*......*..*........
....................*..*.......*.*.........
...........................................
...........................................
...........................................
...........................................
...........***..................**.........
...**.....*...*.................*.*........
..*...*..*......*..........................
.......*.*.......*.......***...............
.*....*..*......*...............***........
.....*.........*...........................
....*.........*............................
.*.*.......*.*.............................
..*.........*..............................
...........................................
...........................................
...........................................
...................**..**....**............
..*......**..*...................**........
.*.*.....*...*...............*....*........
.*.*......*..*.....**..**.....*..*.........
...................******..................
....................*..*...................
.....................**....................
...........................................
...........................................
...........................................
...........................................
...........................................

Generation = 4, Population = 85.
...........................................
................**.....**..................
.......................**.........*........
............*...................*..........
............*...................**.........
...........................................
...........................................
...........................................
...........................................
...........................................
...........................................
............***............................
..........**...*.................**........
.............**...................*........
................................*..........
...........................................
...........................................
...........................................
............*..............................
...........***..................**.........
...*......****..................*..........
...*....***...............*................
......**.**.....**........*......*.........
......*.*.......*.........*......*.........
.....*.........*.................*.........
....*.........*............................
..**........**.............................
..*.........*..............................
...........................................
...........................................
...........................................
...........................................
..*......**..................**..**........
.*.*.....*..***...................*........
...................*....*..................
...........................................
...................*....*..................
.....................**....................
...........................................
...........................................
...........................................
...........................................
...........................................

Generation = 5, Population = 74.
...........................................
.......................**..................
.......................**..................
................................*..........
................................**.........
...........................................
...........................................
...........................................
...........................................
...........................................
.............*.............................
...........****............................
...........*...*.................**........
..............*...................*........
...........................................
...........................................
...........................................
...........................................
...........***.............................
..........*.....................**.........
.............*..................**.........
.......**...*..............................
......*...*.....**.......***...............
.....**.**.....***..............***........
.....*.........*...........................
...**........**............................
..**........**.............................
..**........**.............................
...........................................
...........................................
...........................................
...........................................
..*......**..*...................**........
..*......**..*...................**........
.............*.............................
...........................................
...........................................
...........................................
...........................................
...........................................
...........................................
...........................................
...........................................

Generation = 6, Population = 69.
...........................................
.......................**..................
.......................**..................
................................**.........
................................**.........
...........................................
...........................................
...........................................
...........................................
...........................................
.............**............................
...........*.**............................
...........*...*.................**........
.................................**........
...........................................
...........................................
...........................................
............*..............................
...........**..............................
...........*.*..................**.........
................................**.........
.......*..................*................
.....**........*.*........*......*.........
.....***.*.....*.*........*......*.........
.....**........*.................*.........
..***.......***............................
...........................................
..**........**.............................
...........................................
...........................................
...........................................
...........................................
.........**......................**........
.........**.***..................**........
...........................................
...........................................
...........................................
...........................................
...........................................
...........................................
...........................................
...........................................
...........................................

Generation = 7, Population = 68.
...........................................
.......................**..................
.......................**..................
................................**.........
................................**.........
...........................................
...........................................
...........................................
...........................................
...........................................
............***............................
.............*.*...........................
............*.*..................**........
.................................**........
...........................................
...........................................
...........................................
...........**..............................
...........*.*.............................
...........*....................**.........
................................**.........
......*.........................**.........
.....*..*................***...............
....*..*......**................***........
...*...*.....*.**..........................
...***.......**............................
....*.........*............................
...........................................
...........................................
...........................................
...........................................
...........................................
.........***.*...................**........
.........***.*...................**........
.............*.............................
...........................................
...........................................
...........................................
...........................................
...........................................
...........................................
...........................................
...........................................

Generation = 8, Population = 72.
...........................................
.......................**..................
.......................**..................
................................**.........
................................**.........
...........................................
...........................................
...........................................
...........................................
.............*.............................
............***............................
...............*...........................
.............**..................**........
.................................**........
...........................................
...........................................
...........................................
...........**..............................
..........**...............................
............*...................**.........
...............................*..*........
..........................*.....**.........
.....***..................*.......*........
....*.***.....***.........*......*.........
...*.**......*..*................*.........
...*.*.......*.............................
...***.......**............................
...........................................
...........................................
...........................................
...........................................
..........*................................
.........*.*.....................**........
.........*.*.**..................**........
..........*.*..............................
...........................................
...........................................
...........................................
...........................................
...........................................
...........................................
...........................................
...........................................

Generation = 9, Population = 76.
...........................................
.......................**..................
.......................**..................
................................**.........
................................**.........
...........................................
...........................................
...........................................
...........................................
............***............................
............***............................
............*..*...........................
..............*..................**........
.................................**........
...........................................
...........................................
...........................................
..........***..............................
..........*................................
...........*....................**.........
...............................*..*........
......*.........................***........
.....*..*......*.........***....*.*........
....*...*.....***................**........
...*.........*..*..........................
..**........**.............................
...*.*.......**............................
....*......................................
...........................................
...........................................
...........................................
..........*................................
.........*.**....................**........
.........*.*.*...................**........
..........****.............................
...........................................
...........................................
...........................................
...........................................
...........................................
...........................................
...........................................
...........................................

Generation = 10, Population = 78.
...........................................
.......................**..................
.......................**..................
................................**.........
................................**.........
...........................................
...........................................
...........................................
.............*.............................
............*.*............................
...........*...*...........................
............*..*...........................
.................................**........
.................................**........
...........................................
...........................................
...........*...............................
..........**...............................
..........*.*..............................
................................**.........
...............................*..*........
..........................*....**.**.......
.....*.*......***.........*.....*..*.......
....*.........*.*.........*......**........
..***.......**..*..........................
..**........*..............................
..**........***............................
....*......................................
...........................................
...........................................
...........................................
..........**...............................
.........*.**....................**........
.........*...*...................**........
..........**.*.............................
...........**..............................
...........................................
...........................................
...........................................
...........................................
...........................................
...........................................
...........................................

Generation = 11, Population = 83.
...........................................
.......................**..................
.......................**..................
................................**.........
................................**.........
...........................................
...........................................
...........................................
.............*.............................
............***............................
...........*****...........................
...........................................
.................................**........
.................................**........
...........................................
...........................................
..........**...............................
..........*.*..............................
..........*................................
................................**.........
...............................*..**.......
...............*...............**.**.......
..............*.*........***...**..*.......
....**........*.**...............**........
..*.*.......**.*...........................
.*.........*..*............................
..*.*.......**.............................
...*.........*.............................
...........................................
...........................................
...........................................
..........***..............................
.........*.**....................**........
.........*...*...................**........
..........**.*.............................
..........***..............................
...........................................
...........................................
...........................................
...........................................
...........................................
...........................................
...........................................

Generation = 12, Population = 87.
...........................................
.......................**..................
.......................**..................
................................**.........
................................**.........
...........................................
...........................................
...........................................
............***............................
...........*...*...........................
...........*...*...........................
............***............................
.................................**........
.................................**........
...........................................
...........................................
..........**...............................
.........**................................
...........*...............................
................................***........
...............................*...*.......
...............*..........*...*.....*......
..............*.**........*....*...*.......
...***........*.**........*.....***........
...***......**.**..........................
.**........*..*............................
..**........***............................
...*........**.............................
...........................................
...........................................
...........*...............................
..........*.*..............................
.........*...*...................**........
.........*...*...................**........
.........*...*.............................
..........*.*..............................
...........*...............................
...........................................
...........................................
...........................................
...........................................
...........................................
...........................................

Generation = 13, Population = 105.
...........................................
.......................**..................
.......................**..................
................................**.........
................................**.........
...........................................
...........................................
.............*.............................
............***............................
...........*.*.*...........................
...........*.*.*...........................
............***............................
.............*...................**........
.................................**........
...........................................
...........................................
.........***...............................
.........*.................................
..........*......................*.........
................................***........
...............................*****.......
...............**.............**...**......
....*.........*..*.......***...*****.......
...*.*........*.................***........
.....*......**..**...............*.........
.*.........*...............................
.*.*.......*..*............................
..**........*.*............................
...........................................
...........................................
...........*...............................
..........***..............................
.........**.**...................**........
........***.***..................**........
.........**.**.............................
..........***..............................
...........*...............................
...........................................
...........................................
...........................................
...........................................
...........................................
...........................................

Generation = 14, Population = 90.
...........................................
.......................**..................
.......................**..................
................................**.........
................................**.........
...........................................
...........................................
............***............................
...........................................
...........*...*...........................
...........*...*...........................
...........................................
............***..................**........
.................................**........
...........................................
..........*................................
.........**................................
.........*.*...............................
................................***........
...............................*...*.......
..............................*.....*......
...............**.........*...*.....*......
....*.........*.*.........*...*.....*......
.....*........****........*....*...*.......
....*.......**..................***........
..*........*.*.............................
.*.*.......***.............................
..**.........*.............................
...........................................
...........................................
..........***..............................
.........*...*.............................
........*.....*..................**........
........*.....*..................**........
........*.....*............................
.........*...*.............................
..........***..............................
...........................................
...........................................
...........................................
...........................................
...........................................
...........................................

Generation = 15, Population = 122.
...........................................
.......................**..................
.......................**..................
................................**.........
................................**.........
...........................................
.............*.............................
.............*.............................
............***............................
...........................................
...........................................
............***............................
.............*...................**........
.............*...................**........
...........................................
.........**................................
.........*.*...............................
.........*.......................*.........
................................***........
...............................*****.......
..............................**...**......
...............**............***...***.....
..............*..........***..**...**......
....**........*.**.............*****.......
............**.**...............***........
..**.......*..*..................*.........
.*.*.......*.**............................
..**.........*.............................
...........................................
...........*...............................
..........***..............................
.........*****.............................
........**...**..................**........
.......***...***.................**........
........**...**............................
.........*****.............................
..........***..............................
...........*...............................
...........................................
...........................................
...........................................
...........................................
...........................................

*** Life<ConwayCell> 5x5 ***

Generation = 0, Population = 19.
**.**
**.**
**.**
.***.
*.***

Generation = 1, Population = 5.
**.**
.....
.....
.....
....*

Generation = 2, Population = 0.
.....
.....
.....
.....
.....

Generation = 3, Population = 0.
.....
.....
.....
.....
.....

Generation = 4, Population = 0.
.....
.....
.....
.....
.....

Generation = 5, Population = 0.
.....
.....
.....
.....
.....

