*** Life<FredkinCell> 4x4 ***

Generation = 0, Population = 4.
----
-00-
-00-
----

Generation = 1, Population = 8.
-00-
0--0
0--0
-00-

*** Life<FredkinCell> 5x5 ***

Generation = 0, Population = 3.
-----
-----
-000-
-----
-----

Generation = 1, Population = 10.
-----
-000-
01-10
-000-
-----

Generation = 2, Population = 10.
-000-
-----
12-21
-----
-000-

*** Life<FredkinCell> 5x5 ***

Generation = 0, Population = 4.
-----
--0--
-0-0-
--0--
-----

Generation = 1, Population = 4.
--0--
-----
0---0
-----
--0--

*** Life<FredkinCell> 5x6 ***

Generation = 0, Population = 6.
------
--00--
-0--0-
--00--
------

Generation = 1, Population = 12.
--00--
--11--
0-00-0
--11--
--00--

*** Life<FredkinCell> 6x6 ***

Generation = 0, Population = 5.
------
--0---
---0--
-000--
------
------

Generation = 1, Population = 12.
--0---
-0----
-0010-
01--0-
-000--
------

Generation = 2, Population = 18.
---0--
01000-
-1---0
120010
---1--
-000--

Generation = 3, Population = 20.
00-1--
12-11-
0-0-01
23-1--
0-0--0
01--0-

Generation = 4, Population = 8.
---2--
2-0---
-----2
34----
------
-2-0--

*** Life<FredkinCell> 43x43 ***

Generation = 0, Population = 277.
-----------000--0----000--------00---------
-00---0----0-0--0---0000--0---0000---------
000-------0000--0---0000--0----000--0------
--00------0000------0-00-------000---------
-------------------------------------------
-------------------------------------------
--00-------00-------00----------0----------
-------------------------------------------
-------------------------------------------
-------------------------------------------
--00---------0------0000------00-----------
000-------0-00------0000-------000--0------
-000--0---0000--0---0000--0---0000---------
000--------000--0---0000--0---0000---------
-------------------------------------------
-------------------------------------------
--00------00-0--------00-------0-0---------
-------------------------------------------
-------------------------------------------
-------------------------------------------
-000-------000------0-0--------000--0------
0000--0----000--0---0000--0----000--0------
0000--0---0-00--0---0000--0---0000---------
0000--0---0000--0----00---0----000--0------
-------------------------------------------
-------------------------------------------
-000-------000------0-0---0---0--0---------
-------------------------------------------
-------------------------------------------
-------------------------------------------
-00---0-----0-------00-0------00-----------
-000--0---0000--0---0000--0---0000--0------
0000------0000------0000--0---0000---------
0000--0---0000--0---0000------0000--0------
-------------------------------------------
-------------------------------------------
--00--0------0--0---0000--------00---------
-------------------------------------------
-------------------------------------------
-------------------------------------------
-------------------------------------------
-------------------------------------------
-------------------------------------------

Generation = 1, Population = 541.
-00---0---0---0010----1-0-0---0---0--------
---0-0-0------00-0-0---10010-011-10-0------
111---0--0--110010-011-10010---1-100-0-----
0--10----0-11-0-0--010--0-0---0-1-0-0------
--00------0000------0-00-------000---------
--00-------00-------00----------0----------
-0110-----0110-----0110--------0-0---------
--00-------00-------00----------0----------
-------------------------------------------
--00---------0------0000------00-----------
0--10-----0--10----0-11-0----01--0--0------
1110--0--010-10-0--01--10-0---011-00-0-----
01-100-0-0-1-10010-01--10010-0---10-0------
11----0-----1-0010-0-11-0010-0-11-0--------
000--------000--0---0000--0---0000---------
--00------00-0--------00-------0-0---------
-0110----011--0------0110-----0---0--------
--00------00-0--------00-------0-0---------
-------------------------------------------
-000-------000------0-0--------000--0------
--1-0-0---0-1-0-0--0101---0---0-1-0010-----
---10010-----10010-011--0010---1-10010-----
1--100-0-01-1100-0-0----00-0-01--10--------
-11-0010-0--1-0010-------010----1-00-0-----
0000--0---0000--0----00---0----000--0------
-000-------000------0-0---0---0--0---------
01-10-----01-10----0---0-0-0-0-00-0--------
-000-------000------0-0---0---0--0---------
-------------------------------------------
-00---0-----0-------00-0------00-----------
0----010--0-1---0--0--010-0--0---0--0------
-1--0010-0-1--00-0-01-110010-01-1-00-0-----
---10----01--10----01--10010-01--10--------
-11-00-0-0-11-00-0-0-11-0-0--0-11-00-0-----
0000--0---0000--0---0000------0000--0------
--00--0------0--0---0000--------00---------
-01100-0----0-00-0-01--10------0110--------
--00--0------0--0---0000--------00---------
-------------------------------------------
-------------------------------------------
-------------------------------------------
-------------------------------------------
-------------------------------------------

Generation = 2, Population = 533.
011------0-0-0-1--00-0-0101---1---100------
0-0-----000-0-11---1-0---1---12---10-------
--200---010----12--12----1--00020--1--0----
1-0-100-010-2-101-0----0101--0--2-10-------
00-1------1--1--0-----11--0----1-1--0------
--11------0110------1-00-------010---------
01--10---01--10---01--10------0---0--------
-------------------------------------------
-----------000--------00------000----------
001-------0-01------1111-------100--0------
1-02100---1-02-00-01----100-0120-----------
22-10---0-2--2101-01----101--0--2--1--0----
120--1---1020--1---1-----1---1--0210-------
22-00----0-02--1---1-----1---10---100------
-1----0-----1---1---11----1---1-1----------
001--------101--0---0011--0---0101---------
01--10--01-200-0----01--10---0-0-0-0-------
-------------------------------------------
-0--------0-0-------0--0--------0---0------
0111--0----111--0---1010--0----111--1------
--2-101--0-02-101-0--1-00-1--0--2--1--0----
0----12-00--0--12--12--0-12-000-0--12-0----
-----1----2--2-1---1-0-0-1---12---100------
0----12--10----12-00-00---2-000-2--10-0----
1-----1---11----1----1-0-------11----------
0111--0---0111--0----01---1----001--0------
12-210---012-210--0-0-0--------11--0-------
-------------------------------------------
---0--0----0-0-------000--0----0-0---------
-110--1---0010--0---1101--0---1100--0------
-00-----0--0200---010----01-0100-----------
--0--12--1-----10--1-----1---1-----10-0----
---2100-0120-210--01--0--1---1--0210-------
-----10--1-----10--1----101-01-----10-0----
11----1---111---1---------0---11-----------
0011--1---0001--1---1111------0011--0------
01---1--0--0--11---1200210----01--10-------
-------------------------------------------
--00--0------0--0---0000--------00---------
-------------------------------------------
-------------------------------------------
-------------------------------------------
-------------------------------------------

Generation = 3, Population = 723.
---0-----10-0-02101--1-1-120--20-0-110-----
10--0--0---0-022----0101------3-01-1--0----
-13---001-10--02-0--3--1---01-1--10-00-0---
201---1--21--0212---1----1-0-1-0302---0----
-1-2-00-0---02--100-00-2--10-002-2---0-----
-02--0----1--1--0-0---110-0---------0------
12--210-01----10-012-1--0----0--0--0-------
00--00---0000-0---00-----------00-0--------
000--------11-0-----0---0----011----0------
----000--01012000-0-2-2--00-00021100-0-----
---32-1000---30------11--1--12--00-00-0----
3----000-0--0------21--1---0----3--200-0---
2-110-0---13--------1-------0--0--21--0----
-3011-0-010-3002--02-1--02--0--1---110-----
0--000-0-0-0----20-----0--20---02-000------
--20000-000---0-10-01--2--10---21-00-------
---1210012--1------0----21--0-0101--0------
0---00--0000-0-0-----0-000---0-000-00------
-1-0--0--0-01---0--01--10-0-----1--010-----
1222--10-0---2--1000-1-1-010-002-20-200----
--302120-1--30212---121110-0-1----021010---
-00--2--1---1--2-0--310-0---1---11-2--10---
----0-0-0030----0---0101-20-0230-12-10-----
11--0--0021--00---1--110----11-030-----0---
--00---0--2--0---0000---0---00--2--0--0----
12----10--1-----100------0-0--01-20--0-----
--0--1--012-0--1-0---010--0---0---0--------
00--000--00---00--0-00-0--0-----00-0-------
-0-10010---1010-0-----1-0010---1010-0------
0-2-0020001-21-0-00--21-0--00-----00-0-----
0-1--0-0----311--012--010---121--0-0--0----
--1----002--0-0-100---1-0------010--1--0---
---3--1-1--1-3-1001210-1------101--10------
01-0--10-20-10---0-20-1021--1--110--1--0---
---0---0---2-----0-000000-100----0-0--0----
1--20-2000--12--20---22--00--01--2---0-----
---10--0-0-1--22--023113-10--0----21-------
0000-00-0--0-0000--0----00----000000-------
-01100-0----0-00-0-01--10------0110--------
--00--0------0--0---0000--------00---------
-------------------------------------------
-------------------------------------------
-------------------------------------------

Generation = 4, Population = 708.
011----00210-0-3--20-212-2-100-101---1-----
2----0-1-00101-3--01-2-2011-01-1121200-----
12-000-121--11132-01---2011-202-02-111--0--
3-------03----32-000----1-1-02-----000-----
-----------013--2----113--------03---------
-13---0----1-2--1---1022--1---0010---------
-3-1--1-1-111--101------100-0-0-10---------
11-0-------1---------0--------------0------
-110--0---0220--0---1000--0---2200---------
001--------123--1---3131--1---1322---------
1-04--21-1-00---0-0102--12------1-01-------
421-01--01----1---03----101-00--4--311--0--
32-2-1--01-40101--012--101--1101-23200-----
241-201012--4--3--130-1-13--110---1221-----
--01---------0------1101------11-----------
003-------1-01------2013-------321--0------
0-----1--31---000001-1-1-----01----010-----
---0--0-----------------------0-----1------
0201--1---0-20--1---2002--1---0020---------
2333--2---0113--2----21---2----313--3------
0041-23-0200-1-2-00---222-1102-020-321--0--
01--032-200-2--3--014-1-112-200-2--320--0--
1-0111-01141-20---01----031-13---23021-----
22--11--132-1-112-2-0-2--020220-4--100--0--
-011-------101------1-0--------130--0------
2311--2----111--2---0010--1----203--0------
-2-2-20-123--2-2010-----0-1--01-101--0-----
1-------------------1--1------0------------
0102------0212------0020--2---0212---------
1130--3---2032--0---1321------1100--0------
1--0-11-0-0042---1-30-1-10----2--101-------
012--1--130-1-11--111-2-11--011-2-0120--0--
00-4102-21---4121-2321-201--012-221210-----
12--01--031-2-01--031---32--21--2-0120--0--
-10---1-----1-------11-1------11-----------
-013--3---0023--3---1331--1---2013--0------
-1-2--01-1-2-0--0-13-22412-0010111--00-----
1111--1---0101--1---0000------1111--0------
-------------------------------------------
-------------------------------------------
--00--0------0--0---0000--------00---------
-------------------------------------------
-------------------------------------------

Generation = 5, Population = 872.
--20-00--32-01-410------13221---1--1-20----
-000-1---112122--012-3031--0123----3110-0--
23-1----32---22-3012310--22-3-32--02-200-0-
4--110----11-0---11-1000212-------2-1-0-0--
010---0-001-----3-00--2-----000---0000-----
0-4--0100----30----0213---2000---10--------
--12212---2-2-12121-1-1-2-----10--0-0------
220-0---0-0-00-0-0---1-000--0--0---0-0-----
022-00-0-01-3-0010-0--1-0010-0-31-0-0------
-120---0-0-2--00-00-4-4---20-0-4---0-------
--15--3202----001--21-----0-122--01--0--0--
53--1----22---2-101410--2-2-----5-042-00-0-
43------12-51-1-101--0-2-2-02-12034--10-0--
-5--31--2-0-50-410-4112---10-211---33-0----
-112-000000-1100--0-22---0--0----000-0-----
------0---2-1--0100---240----00--20-1------
1-11-12014-21-1----202122---01--0101-10----
-0-100-0-0--0000-0000-0---0-----00--2------
-31200-0-010--0020-031130020-0-13-0--------
3--40--00-12240-3-0---2100--00-4-40-4---0--
1-5-2-4--3---2-321--1-3--02-1-0-------1010-
1-01---03-1--1-42-125-2022303-1131-4-11010-
--1--201---2-3-1001-0--1--20243-03---20----
--10--2--4--2---3-301-30--3-331050----00-0-
112--01-00-----0--00-1---0-000----0-----0--
3-220-3000--220-3-00--21-020-0---4-01------
1303-3--2-4--3-31-10-010--2001-1-120--0----
200--00-00-00--000002--2----------0--0-----
121-0-1--0-32-0-0--0113100-0-0132-0-0------
22410-40003--300----24---00--02211---0-----
-011----1011---0--1-10-1--1-1---0-1-00--0--
1230--2024-12-------20312210-22-3-1-3-00-0-
11052-3-322-05--2-3--203-2101---3----10----
-3----10-42-30---0-421-0--10--0-30-23-00-0-
-2--0-2000----001-0-2-02-01-0---0000-0--0--
112-00----113-00400---42----0-3-2-001------
----0112------22--24-3---301-----221110----
22--002---12--00200-111--0-00--22-001------
0011--0---0000--0---1001------0011--0------
--00--0------0--0---0000--------00---------
-01100-0----0-00-0-01--10------0110--------
--00--0------0--0---0000--------00---------
-------------------------------------------

Generation = 6, Population = 791.
------100--0--05---0-21----3--21-1121--00--
--11-2---22-2---012-0-1--11-----1--4--10---
--3----14-1--3--4--34-120--040-302-----1--0
-0---1---3-2-1--2-2--1---2-0-2-0-0--2-10---
1---0010------00-0--01--00---112--1-11--0--
11-----------4---00-3-42003-1-00121--0-----
--2-32---13-3--3-3222-203-00--2-1-10-------
-310-00--0--11-----0---1----------0---0----
--30-1-10--240---10---20-12-01-42----------
-----0--0-1--311--1-5-510-3-0-15-20--0--0--
10---043-3-0-311-00-2-1-12-0233--1-1-------
-----100033-02-021252-0--03--0--6-1-3--1--0
-41--1-0---6-1212--12-0-0---31-31--20210---
----4-----106---2--52-3--32--32---1-4-100--
0--30-1-1-1-22-12010--01-----0-12-1--------
00---0-0-031--0------0-5----0-13-31--00----
-12-2-31--1320200-0-1--3-1001--1--12-210---
-1-2110-0--0----0---1--0--1-0---1-0---0----
--------0-2-20113---4--4113101----10----0--
4-3-1---1--3-5--------32112---0515---00-1--
--6-3--00-00--2--20-2--221-1-2102-032--1--0
2-12-32-40--2--53---6--1-3-1402-4------12-0
10-1131--1--14----2--10---31-54-14302-100--
2-2111---52----14041-14-0-4-4-2-6------10-0
--31-120-12--1--10111-0-01--11-130--0-0----
--331------1331-4-1100----31--0205--200-0--
24--140-----041-212101210--1------3----0---
3-1-------0-------1--00--00-0-0-0----------
2-2210--0-0--21-1----2-2--2---24-21--0-----
---2----1--0-41---0-35--------33-20-010-0--
11-2---02-2--2-101--2112-0-0-2---12--------
---1-1---5-----11--1--4--3---33---2-4--10-0
--163------11-12-0--23140---2--0--121210---
---0-12--5-----10--53---322-21--4-0-4--10-0
---010-1--12---1--1031-3-1-010-11111-------
223-1-3-0-2-4-1-5-1-1---0---1---3-1--00-0--
--121-230---0033003534241---0-0113----10---
-----13--0-----13--0----010-10-----12-0----
-12----0-0-1------002---00-00011----10-----
0011--1---0001--1---1111------0011--0------
01---1--0--0--11---1200210----01--10-------
-------------------------------------------
--00--0------0--0---0000--------00---------

Generation = 7, Population = 910.
--20--2-1----116-0--03-2-3--103212-322--10-
-0-2----03-2--2---3-13---220123122-5-121--0
--4---025-2--423--14-1--12------1-021-0-00-
-----2----1--2--31--12-023-10-0-31-0302---0
21-211-100-0-3113100-----1-0--23-32------0-
-2----10-01-----11-0-1-3-1-0-0112-2--10-0--
13324---1-4-411---33-----0-1-0302021000----
24--011--1--2-00--01--0--0-00000-01--0-0---
------02---351-012--10-102---22-3----00-0--
01200--010-2-42-10--6-62--40----2-1-0-00-0-
211-215--4--04221-12---0---134---2---0-00-0
5-1-121--44-13-132363--12-4-0---70--4--200-
4522-201-217---23--23----2-04214-343--21--0
251-5-1022-1-004---6-----430-431-02351-110-
1-14-0-0-0---3023-------002--1--30-000-00--
---00--101--1110-0-0--2-001-1024242-1------
-2313---------3-----2-1--21-21-2--23---10--
02032--010010--0-000-00--0---------0--1-0--
0312-010----31---0-051-522--12-1---110-010-
--4-20---0142600300--24----000-6260--110200
-0-14--1131------31-32-332221--1301-3--2101
31-----0----3--64--27--22432--31-------2--1
21-22--1---2-50---3-----0-----5-2---3-2-10-
32--222016-02-1251--1-5-10505-30-001--0----
1142---1-----2--21----1--20--2----00101---0
3--4-0-0-0-24-----2---21--4---131--0---0-0-
-50---10--4--5-----21-3-1-22---1---000-----
-02---0-00100-----2--1-2-1-0--10-----0-0---
3--3-1101-1-2----0----3-0-30003-2--0-1--0--
-2---0---03--5-------6---000-----31-121--0-
22--0111-0--431-12---223-1---3200-31-000--0
12--0-20---120-2-01-20-1-410--4----15---1--
-12-403---222-23--33--2--21031---22----10--
------3-0---3--21---4110-3303-0150--5---1--
12--2------3---210-1-2---211---2---2-000--0
3----04-1-31532-60---3421-----30--2-11-0-0-
0----13---02--44--464---2-01-11-24-11-21---
-2-1-2-0-11201----0-111-12102-1-2102-01----
-----00--102-0-0-011--0---01112--1--21-----
--220---0-1--2---000222-0--00-1--2--1------
---10--0-0-1--22--023113-10--0----21-------
0000-00-0--0-0000--0----00----000000-------
-01100-0----0-00-0-01--10------0110--------

Generation = 8, Population = 618.
--3-00--2--00227---0-----4---1432-------21-
2--30---142-22-3--42-413-3--2342--1---3200-
------1--23-1-34---5--1--3---0----1----1110
4011-3----2-2-32--202--134--1-10----4--000-
3--3--1-----------------------3-----1------
1-----2-----1------------------------------
----------5-----1--421203---01--31------0--
-------------------------------------------
--30------1-6---2----1---------44----------
-23---0----3-5--2---7173--5---1532---------
322532--------332---2-----0-453-13--0-01---
---1--2-05-0--22--4--00-30---00-81-----3110
56-3----132----3---3-0-2-3--532-145-0-3200-
362------312--152-17-----54-154-113-6-1221-
21----1---10-4--4-----01--3---11-1---------
0031--0---3122--1----03---2----535--2------
--4-41----13--40--02-2-3-3----13-------2-0-
-------------------------------------------
-4---------04--------2-6--3----2-0---------
435-------2-37------1352-------737--4------
-162--4--4---22-2--0--3-433----241-----3212
-21---2--01----75-13--2--54--0--410----3202
32-3-----143-6-1------0--3--25----3---3021-
43-1-----7--3---6--1--6--16-63-1611-0--1000
22----------0-------11----1---0-3----------
4335--3---1353--4---0032------2425--2------
---------2520-1---23214--0--0-1---3---0--0-
-------------------------------------------
-2----2----33---1----2-2-------4----0------
2342--4----036--0---3721--1----314--2------
-312-22--1----212----3----1-143-11----11---
-3-1--3-25-----31--13--2-52--35-302-6-01200
--3---4-32333534---4233403--4220--3---1210-
1-1---4--52140-3--055221-4---112------01200
-300-------410------3-0---2---1--1---------
-------------------------------------------
1--212--0-1300-5-----4---3--0221--------00-
-------------------------------------------
-12---1-----0-------20-1------31-----------
-033--1---2003--1---3331--0---2013--2------
0112------0200------4224--1---0111---------
1111--1---0101--1---0000------1111--0------
--22--0------0--0---2002--------22---------

Generation = 9, Population = 892.
01-0-1203--113--1--10312152---54321---0---0
-0-4--01-5-23---0153-524--203-5--225-143-1-
-34-0--2--4--4-54-1---22--2-413--2221--2--1
------1---3-3---313132-2--21-2-13-20502-1--
---41-21--1---11--000--301--014----021-000-
22-1-030--11-4--1--031430---101-22--0---0--
1-----2--1-14--3-335----40-11230422----0-0-
--10--------2------10-010---00-0-0------0--
---10-0--0-3---032---2-1--2----------------
--400--0----2----0-0-2-400600--6--1-0-00---
4336-35-04-----4-01232-01-1-56402411--1--00
----------4-13-3-2----114---011-92----04221
--240-01---7--2---14-10-0--0--3-2---1----1-
4-3---1-----6-26--2-213-1----651----7--33-0
3214-020--2125---010---20--00---------0000-
-142--11-14-----20002--5--30--26--20-0-0-0-
1-5152---4----51-013-31------12--1--1-1---0
-20-21----0-0-00--00-----01---0--0-----0-0-
-5---------1---------31722-1--03311-1------
5-----2----4----3---246--1----084800-1-0200
-2-34251151---3333-1---354-2-21--2--3-1-32-
-3-2-33041--------2-71-2-6-2-13--2-4---4---
-3142-1-12541--20-3--1-10-31-650-4-0324--20
54-22---18--4----14---701-----327----0--111
33----2--12-----------10--201-1--00----0000
-4-610-0---4-4-0-02-1-43004-003-36-0-00--0-
2503--1-2363-5-3213-32--1-22--2-1--000-00-0
-0----0--01---0-0-202-02-1--0-10--0-0-0--0-
-3-3-130--1----020---3330-3---35-2-011-----
3-5-0--0-03-47---0-04---002000--2-103210---
-423-331-2214-3232-324------25-022---0---00
14-20----6-12014-01--0-32--00460-1----1-311
1-4--0----4446-5---5-44--4-05-----42122--10
-3---150--3--1041016-3--35------500--0-2311
-4112-2--0--2-02--1-421----1--2-1-1---00000
323-10--1-3----0----134--01-10-0-3------00-
-113-333--2--1--0---4-2-2-011--22------1110
2211023-0-12-1-1----1--0-2--20----------00-
0----020--0-1---0--1--020-0--1---1--2------
-1--0020-0-1--00-0-04-420010-03-2-00-0-----
---30----01--12----25--51120-01--22--------
-2-20020-0-2120020-01--10-0--0-2-200-0-----
0---0010--00-10010-0-11-0-----0---0-0------

Generation = 10, Population = 842.
1--1-2314-2-24272----423----11---3----1----
--15---21-2--2--1-6-1--5--3--3---3--125---0
2-51-0135-5-1--65--541-313---2-------203---
-011-320-3----32---2430----2---241---13-2-0
310-213-00--1-223---11-412-------3----01-10
-3-201--0---1--0--014--411--2-21----1--010-
2-3---3-1-5---1-14-621-051-2--415-310-0---0
242--------131--0---1112--0---0101---------
--32----0---6-01--0--32-0-3--2---00-0-000--
0-----0------5----117--51------7--20---1000
5-4-346315---435-1-3--11222167513522-0-1---
53--12-00--02424-34-30-2504--221+--441-----
56--1--21---1-33---53-12-31--3-43--3223-020
56-15--0--1270-72---32-0-5---762---381-----
-3---1--1---36-2----22---0--1-----100-1-1--
0--3-0------221-3---3--6-04----73-312--101-
--626--1151-20--0--4242--3-0223-02---2-2-0-
---3--0----1----0---1--0--2----------------
-6--001----2--113-00--2--33-12144--1----1-0
-3-42-3-10-53-0-4---35-21-2---195-11--11311
-3---3-2262--24-441-3----5-3--2----3-1-----
3-1----1-2103-0---338----74--24-4--5211---2
-4---3212----60310-1-202-34-----25---35----
-52--2-0-92-50-2-2-1-----1--6-438111-1----2
-44-------3-02-0----11210----2--3-1----11--
4-3--1----15-5-14---20-41-5---4---012-10010
3-----20347--61-324343412--30--12---1--11--
----------2---------------0---2------------
-42-124-10-332-13---1444--4-----2-----00-0-
--6--04---40-8--0----72---3-1--33-214--1000
2-3--4---3325--3-31-3-23-110363-3--1-111---
----113027-2-1251-21--443-2--5--32-1602-4-2
2----1-0---557----36-55-05----2032---3--121
-410--610-4-4-1---2-5-214-3-3-12--1--1--4-2
-52---3---14-0-3--21---30------22-22--11---
4-4---4--04153-1--102452-1---131------00110
12---44401--0245-0-6-434----222-3-----22--1
-322--4---2302--3---2111--1---1221--2------
112101----1---00--1220----1-------------00-
--3--13--1-----11--1-----1---1-----12-0----
--1-11--0122--320-0362-6-2---1----31-------
-----13--1-----13--1----101-01-----10-0----
-----12-0-1-0-112--12222100-------10-------

Generation = 11, Population = 935.
-1-2-3-2--3-35---02--5--1-232-5-341-2-20--0
-0-60-032--233-3---325-----0--5-2425236--1-
-362--2--26------0----2--4-043331----3-4---
4---14---4---2-33-3---12--2-1213--2-5-4--01
4------1--102---41002-2-2-100-4--42-2------
24-31-30--1124011-125145-23------22-210---0
3-4-4---2------3-53---216-0--25--24-----0--
--3---1----2420-1-0---2-0-1----21-10---00-0
---30-02-0--7-12-21-1---1-400------0--11--0
12-00-1--0---62----28-7-2--00--8-23--0-21-1
-3---5742610-54--2-43-2--33--86-4-3301-2-00
6--12-211-4135-5--5--1-36-5--33-+--552-4221
672---03-327---4-0-64-2304-05--5-454--4-1-1
-7-2--11232---2830--4-31-----------4--1--10
341--22--02-47034--03-0-0--0--1-31--10-02--
---40111-1413-2040---0---15--0-8-5-2----1-0
127-7--2--23---1-015--3324-1--43-3-3---3010
-2-42-1-10-2-00--0002-0-003----0-0-0-0-0000
0712--20002--1--4-115--7-44-2-25-1-21-0-201
5--5--40--2-47-0-----6632-3-0-2+--224-2-4--
-4-3--5-3--0335----1---3-6--1-------321332-
---2------2-4----0-4--2228--43--5-0----4-0-
-51-2---32-41-14--3-03-3-4-126--3----4-0---
56-223211+---11-63-2-----2-0-35--222-2-111-
--52---1---1-3---1---2-2--2---1-40-010-----
54461--00-265-1---2-31-52---0----6----2---1
450---3---8-0-23----54-2-0241122313-20----0
302-00-0-03-0-00-020----011-00------0-0-00-
35--23--21-----2-0-0255500-00-3-3210111-01-
3--2-1-010-1-9101-0-4-31---02--44-325-12-11
--43--31--4-63-4-4-3-43-12--4740------2-00-
--322--1--0----6203---55--3--66-4------1513
--46-2--32--6-35204-266-161-5--14--2---22-2
--210--21-5-5----0---3-255-----35-2-52--513
--3--0--0-2--104103-4214--2-10233--30---00-
5-53------52642-6----5631-1---4-3-20-11----
--1315----231---0-47-5-52301333-4---11----2
243--25-0---1-01--00--2-12202---3202-010000
22-2--2---2-1-1-00233--2--21-13111-0--00110
0---0240-221--02-00-4--202--023-----3--000-
-12-22001--3014-1-1--3--1-----1--2420------
--1--2-002021-0240--1-01----1-1---021--0---
----0----0----22-00-----21-000---22---0----

Generation = 12, Population = 916.
12-30-33-3-1--27213--623--343-6--5-332-12--
2-1712-43-234---1--4----13--3--2353-34-30--
----0-3---7-1------54-3-1-2-54-4---214--1-1
5-1-25-00532---4--4-4323--3-23----3-61--212
---4-1-20--1-3225--1-1---22--15-0-3------1-
3544--4--0-23--2--236----34-20--233---1010-
435252---15---14-64-2-32-1-2136---5-000-10-
244--12-01035------11132----00-321--0-----1
02----13-11-8-2333-023-1---1-2--40010-2200-
2----0-0---3--3-----9-8-3-6-----33-0-10320-
544-36-5372-06--2-1--23-24-----155-412----1
73-2323---5---2633-63-----6----1+-166-0-332
-8341214-----1--3117-1--15116---35-5--522--
5---5-22--3-7---4-27--4-15--1-621--5--2-32-
4524--30-131----5011-212----1--14-102111---
--45122----2-2--5-----360-601--93--3-0-1-11
238---33-5-4-052012-----35--2-54----121--21
0-----2----3--1-------1-----0-0-----2-1---1
-8-3-03111-------0-2--28--5-3--6-213-01031-
63--205-1-35-80---0--7--3-4-----5-3351-1-11
----4362-621-46--412323--7-3--224-----244-2
---3--3--------75-35--3--94-5-416--52---212
--2-3-2---55-6-5-0--14040---37-04--035-----
6---3--22-2----27-4-----13616--38---0----22
-4-301--01-2040--2-1-3-3----1-2-511----1100
-5-721--1--7-52------2-63---1--43--1-0-0-12
5-1----03--3--3-32-----3--3--2---24--10-1-1
4-----0-0---1--1----2-02----1-20------1----
4----440-2-3321-31--3-661-4-10-5--21--20-2-
4--3024-2-4-4---2---5-4-0-3-3-3--4-3-223-22
24-4--42--527-3--5--354-23---85-3-31013--10
-44-3--2--12-1-73---306635400---52-1-----2-
-157--40-3457-463---37---7------52---32-3--
-4321163256-6---1-2-5---6-3--1-46----30-62-
15-1--3-1---2-1-214-5-250-3-2-34412--011---
--6-----106375-1---0-67--1---1-1--3---20110
--24----01-42---1----6---4-24------122221-3
-5-2-----1-----23-11-----3---0--43--2-21111
3-2--1--0-322---11-4-0-300----4-2-01-------
113--3--033-0-13--115-4-13--134-2-0140--1--
-2----1--1241-5-2-236--62------1135310--00-
--22033-13-3-2135-01-01210--2122-213-0--0--
--22---0-1-001--2-112-2-32-111--23--00-----

Generation = 13, Population = 883.
-33--34-4-32-53-3-4-07-4--4------6144----1-
3028-3--45-4-32-2--5-5---43------64-45--110
-------3----24-65----143243-6--5-223-50--12
---1--2-1-4--2-5-1---434-----4-34140--40-2-
-105223--0--24--6102-2-42-30026-14-021010--
-655-1---11-4-0----4--4514-0-121--402---210
5--3--3--2-1-12--7---1---203--7--26----0---
3------01----2--1----24300-0-1043-1----0-0-
1----1--0---9----4-----2----032-5--2-0-31--
-24--11---1-2-4--01-+-9540---0--443---143--
6556-77----0174-32--33---53---6---352-12-02
-4-----11-61353-----411--07-0-3-+-2--214---
6--5-3--1-------42284--3-62--335465--26-321
67-261332-42---8--384251------732--------30
--3-0-4--24--7-36-2--3--003--1-25-2--22---0
-156--31-----3---0-0---7-17-20-+-5-4---2---
----7-44------6-1-35-----6-----------3--0-2
1204---01-040-2-0-00-02-0030--10-00-3---002
09--0---22---1--4-1-5--9-46-42--432---21--1
7-5---6-2------0-010-86--15-0-2+68-4-------
14---4-3373------5-3-3-3-8---2-3521---35---
----0----2------6---81----5263--720---1----
35-44-3-32-6------3-2-1--4--4851553--65-2--
--2----3-+305---8---1-70----7---9-2-1--1---
-5----2-123--5----1--4-4022-----6-2-101---1
-64-3-3---2-5-314--133-740512--5-60--121--3
65--14-14484--43434-54---0-41----35-2--1-02
-02---1-1--02-0-0--03--3---02-3-00-0----000
-5-3---1--14--22-200--77--5-21-63-3-1-3--3-
--6--35--05----030-0-7-1-04-4-4-----5----3-
--450----363-3--3-1346533-1049--4-4--2--02-
-5---13-2-23-------14-7-4---1-606-22-----3-
22--4--13--6-75740464--4181052--6-421---42-
-54----436-1-1---03---2-7540--1-702-5412-33
2--2--41-0---1-4---162---24---4-5--30---0-0
5-73--4021-4-62-60--2----2-01-42--4-113-2--
----1--4-22----5204-47--2--353-244-23---2--
---302--02----03402-2--1--20---2-4-230-22--
4-3-02201----010-2--3-04112-115--1--2100-10
-2-304-0-44----41----3--2-102--0-31-5-002--
-32322201235-1--3-3---2-32----1-24--2100110
---3---0240---2-6-12-123--1--2---32---001--
-0---1--02------3--23232---22---3---1-0-0--

Generation = 14, Population = 897.
----0-5-534-----4--11---1-54----3-2------2-
4139-4---62544-3-1--2-----403--2375----32--
236--0--527-353----54254-5----3613--1----2-
-0-2--30-5-23--6-2-2454534-2251-5-51-15-23-
4-1--3-2-111----72---3-5-241-------13-12-10
--66124-02225-121--561562---2--2-3-1--10--1
6--45----35-4--4--46223-63-413-1-37-0-01--0
-4-0-1-1---3-3-0-0--1--4--110----12--00-0-1
2-3-02--1113+-2--5--232-1---1--4--0---24---
2---02-010-3-651-12-+2+6-----118---00-----1
7-67----3-2--85-4--44-31-6-16-71--4-3223013
75-----2--7246-6--5-522-618--3-1+2---------
783614-4-3--113-5-395124---1-4-6---52--243-
-83-724--3-370294-4953-------7--3---------1
454-12-0-3--48--7031-4-211-0-213-1--233---1
0267124-014-34-05--1303-02--3--+3-3-2------
2--2---5--242-7-21-62433--11225---23--1-123
-3-52----01-103---1-21301-41--211-----1---3
1-1--03-33-2----50---32-2571-326----1032--2
---52--0-03--80-4-2-3-7332--1-3+-9--5-----1
-5----644841---3-6143-3--933132------2-64--
----1-314--0---7--3----2-96-74-18-15----2--
4625---14357-----0---42-0---59---640-7-0-2-
66--3-2--+416--2-3-221----618-5--2--220---2
365-0131234-0--0-2--152513------71---1-1-02
-75-414--0-7-5-2--2244--5-62-04-3-112-3-0--
7613-5-25-9-0654--5-6-4--1352222-4-0---21-3
-13-0---2-313---102----401--30-0----0-1-1--
46--244------2-----1--881-6032-7-2-12--0---
--73-46-2-61-9--4---58--0150-------36-2---2
----14--------3-452-5764-3---+5-5-5---31130
-6-2324237-42-27-032508----0--7-7-3--0--5-3
33-7----4--------157-765-921632--253--2-53-
1-5-1--54--2-------6---2------2-8---6--3---
3-3320-2--2-2-1----273---3-120-46-2410--101
6-8--0---26---3------6---31--1--3---2-4--10
1-242--5-33--24-----583----46433--2-422--1-
2--4---0--------5------21---2--34-----2---1
-2--1--1-13-2121-3-440152-3---612---3211-21
-3---5------------1---4-------4-242---1--0-
0---33--2--6------4--336-3200--13553------1
---4----------------1-----------1-33--112-0
0-220-2-------2240---34-3--33--0--20--1010-

Generation = 15, Population = 973.
133--3--64--35----42-7-4--------4634---1--0
-24+15--47--5-2-2-65--251--143---8-54-6431-
---201--6---4646--1--36-26-----7--2---04132
51--254-1-------33--5-5--53----3616--2-034-
-125-4-302222-22--0-2-------026314-2412-0--
-6-723501--3--23----7-67-4403-23-44221212--
---5-230----5-----57-3---40--4-2-4-1-01--0-
3-41-2----04--01-1---24-0-221---3-30-11---2
32-3-313-2--+-333--034---24-2--55-1-0--5---
-2-----1---42--22-32+3---0-002294-31----3-2
-578-7-54730-9----155-4-27327--2---5-------
8-1-3233----57--336-633-7290-432-3-6-21---2
--4-2-15-4-72---6-4+--35-6-----746563263-4-
69428-532--4--3-505-64--15--1--3---5-1233-2
--5423--1---59-38-42--132---1------0--41-02
1378235-12-24-2160-24------0402-45443---11-
33--72---53-3-82-23-----3--23--4-3-4-32-2--
1-0-3-20-------0-0-0---1-052-03220003---0--
-9-3014144-----1-11-5-3-368-44-7-3-3--4331-
73-63-61-1-549105-30488-43502-4---34612-412
1-63-4--595-34-447----43-+4--4-35213---7-22
3-1-----522-4-08604-813-2--2854292--2--43--
-7-64-3-5468----11-1--34----6--1--5-385-2--
772-43332+-2-113---33270--7--3-3----3-11-23
----12------1-0--3-12---242-12-1---012--11-
5867---011---63-4-----4-6---2--54-2231--1--
8--4-633-4+--7-----374--2-463-3-3-512-032--
42-0101-3----00-2---3-0-1-10413-0--01---200
5-2--5-1-----32--2----992--14--8----313---0
4-84-5----72-+-05-0---41-26---4444----330-3
-445-542-36-7-44-6-36-7534--4+--6-6-0---2-1
-7--43--48-53--831-36-96---1-6--82--6-2---4
--584241----7-574-684-7--+-2--316364---2-4-
-56-2-6--6----1--0-----37-4--1349--27---6-3
--4-3--3--34--24--4---250442--457-3--1--21-
---3114-2-747--1---02---1-201--243----50-2-
---53-46---423-52--7694-24-575--44----32223
3--50-5-0---1------1--2--32-3-14-40--0---12
-33---22-24-3--21-25--26---111-23-014--2---
-43-064004410314--2-53-223-0235-35--5-2-210
----4-20-23-1----053-447-4--11-2-6--2--01-2
---5033-2--3--236012-1-3101----2234410-2-01
--331--0-----13--11--45--204410--3--10-121-

*** Life<FredkinCell> 5x5 ***

Generation = 0, Population = 19.
00-00
00-00
00-00
-000-
0-000

Generation = 1, Population = 14.
-----
11-11
-101-
0-110
-0-11

Generation = 2, Population = 12.
00-00
2-0-2
0-120
-----
--0--

Generation = 3, Population = 11.
-101-
-11--
1----
0--10
-0-1-

Generation = 4, Population = 12.
0-120
-----
2-120
1-1-1
---2-

Generation = 5, Population = 7.
--2-1
-----
3----
2-2-2
0----

